[2014-02-05 10:07:30] START
[2014-02-05 10:15:01] EDIT myApp/controllers/default.py: -1
[2014-02-05 10:16:11] EDIT myApp/views/default/index.html: -26
[2014-02-05 10:17:40] EDIT myApp/controllers/default.py: 4
[2014-02-05 10:17:54] EDIT myApp/views/default/index.html: 1
[2014-02-05 10:21:37] EDIT myApp/views/default/index.html: -1
[2014-02-05 10:55:41] EDIT myApp/controllers/default.py: -4
[2014-02-05 11:22:32] EDIT myApp/views/default/index.html: 4
[2014-02-05 11:23:40] EDIT myApp/views/default/index.html: 0
[2014-02-05 11:24:26] EDIT myApp/views/default/index.html: 0
[2014-02-05 11:24:59] EDIT myApp/views/default/index.html: 0
[2014-02-05 11:26:20] EDIT myApp/views/default/index.html: 0
[2014-02-05 11:28:03] EDIT myApp/views/default/index.html: 0
[2014-02-05 11:30:15] EDIT myApp/views/default/index.html: 3
[2014-02-05 11:30:52] EDIT myApp/views/default/index.html: 2
[2014-02-05 11:38:55] EDIT myApp/views/default/index.html: 1
[2014-02-05 11:46:20] EDIT myApp/views/default/index.html: 3
[2014-02-05 11:46:52] EDIT myApp/views/default/index.html: 0
[2014-02-05 11:47:07] EDIT myApp/views/default/index.html: 0
[2014-02-05 11:47:44] EDIT myApp/views/default/index.html: 0
[2014-02-05 11:48:03] EDIT myApp/views/default/index.html: 0
[2014-02-05 11:48:19] EDIT myApp/views/default/index.html: 0
[2014-02-05 11:49:22] EDIT myApp/views/default/index.html: 0
[2014-02-05 11:49:34] EDIT myApp/views/default/index.html: 0
[2014-02-05 11:49:58] EDIT myApp/views/default/index.html: 0
[2014-02-05 11:50:10] EDIT myApp/views/default/index.html: 0
[2014-02-05 11:50:21] EDIT myApp/views/default/index.html: 0
[2014-02-05 11:50:58] EDIT myApp/views/default/index.html: -3
[2014-02-05 11:52:36] EDIT myApp/views/default/index.html: 0
[2014-02-05 11:52:50] EDIT myApp/views/default/index.html: 0
[2014-02-05 11:53:16] EDIT myApp/views/default/index.html: 0
[2014-02-05 11:53:23] EDIT myApp/views/default/index.html: 0
[2014-02-05 11:53:37] EDIT myApp/views/default/index.html: 0
[2014-02-05 11:53:43] EDIT myApp/views/default/index.html: 0
[2014-02-05 11:54:18] EDIT myApp/views/default/index.html: 0
[2014-02-05 11:54:26] EDIT myApp/views/default/index.html: 0
[2014-02-05 11:54:44] EDIT myApp/views/default/index.html: 0
[2014-02-05 11:54:55] EDIT myApp/views/default/index.html: 0
[2014-02-12 13:19:38] EDIT myApp/models/db.py: 6
[2014-02-12 13:20:43] EDIT myApp/controllers/default.py: 1
[2014-02-12 13:26:34] EDIT myApp/views/default/index.html: -3
[2014-02-12 13:26:52] EDIT myApp/models/db.py: 0
[2014-02-12 13:30:15] EDIT myApp/models/db.py: -1
[2014-02-12 13:31:07] EDIT myApp/models/db.py: 0
[2014-02-12 13:31:16] EDIT myApp/views/default/index.html: -1
[2014-02-12 13:37:21] EDIT myApp/controllers/default.py: 3
[2014-02-12 13:38:39] EDIT myApp/controllers/default.py: 0
[2014-02-12 13:39:14] EDIT myApp/models/db.py: 0
[2014-02-12 13:39:54] EDIT myApp/views/default/index.html: 0
[2014-02-12 13:40:35] EDIT myApp/views/default/index.html: 0
[2014-02-12 13:40:58] EDIT myApp/views/default/index.html: -1
[2014-02-12 13:41:40] EDIT myApp/views/default/index.html: 0
[2014-02-12 13:42:04] EDIT myApp/views/default/index.html: 1
[2014-02-12 13:45:07] EDIT myApp/views/default/index.html: 0
[2014-02-12 13:57:52] EDIT myApp/models/menu.py: 0
[2014-02-12 13:59:04] EDIT myApp/views/default/index.html: 1
[2014-02-12 14:00:08] EDIT myApp/views/default/index.html: 0
[2014-02-12 14:01:03] EDIT myApp/views/default/index.html: 0
[2014-02-12 14:01:24] EDIT myApp/views/default/index.html: 1
[2014-02-12 14:01:39] EDIT myApp/views/default/index.html: 0
[2014-02-12 14:07:18] EDIT myApp/models/db.py: 4
[2014-02-12 14:07:53] EDIT myApp/models/db.py: 0
[2014-02-12 14:07:57] EDIT myApp/models/db.py: 0
[2014-02-12 14:08:29] EDIT myApp/models/db.py: 0
[2014-02-12 14:09:18] EDIT myApp/models/db.py: -1
[2014-02-12 14:10:08] EDIT myApp/models/db.py: 0
[2014-02-12 14:10:38] EDIT myApp/models/db.py: -1
[2014-02-12 14:11:24] EDIT myApp/models/db.py: 1
[2014-02-12 14:11:40] EDIT myApp/models/db.py: 1
[2014-02-12 14:11:59] EDIT myApp/views/default/index.html: 0
[2014-02-12 14:12:18] EDIT myApp/controllers/default.py: 0
[2014-02-12 14:13:02] EDIT myApp/views/default/index.html: 2
[2014-02-12 14:18:12] EDIT myApp/controllers/default.py: 3
[2014-02-12 14:18:47] EDIT myApp/controllers/default.py: 0
[2014-02-12 14:19:33] EDIT myApp/controllers/default.py: 1
[2014-02-12 14:20:31] EDIT myApp/controllers/default.py: 0
[2014-02-12 14:21:49] EDIT myApp/models/db.py: 1
[2014-02-12 14:21:57] EDIT myApp/models/db.py: 0
[2014-02-12 14:22:03] EDIT myApp/controllers/default.py: 0
[2014-02-12 14:22:14] EDIT myApp/controllers/default.py: -1
[2014-02-12 14:23:07] EDIT myApp/views/default/index.html: 0
[2014-02-12 14:23:44] EDIT myApp/views/default/index.html: 0
[2014-02-12 14:23:45] EDIT myApp/views/default/index.html: 0
[2014-02-12 14:33:58] EDIT myApp/models/db.py: 5
[2014-02-12 14:33:59] EDIT myApp/models/db.py: 0
[2014-02-12 14:34:32] EDIT myApp/models/db.py: 0
[2014-02-12 14:35:05] EDIT myApp/models/db.py: 1
[2014-02-12 14:38:43] EDIT myApp/models/db.py: -1
[2014-02-12 14:39:21] EDIT myApp/models/db.py: 0
[2014-02-12 14:39:57] EDIT myApp/models/db.py: 0
[2014-02-12 14:40:53] EDIT myApp/views/default/index.html: 2
[2014-02-12 14:41:56] EDIT myApp/controllers/default.py: 1
[2014-02-12 14:41:58] EDIT myApp/views/default/index.html: 0
[2014-02-12 14:42:00] EDIT myApp/models/db.py: 0
[2014-02-12 14:43:47] EDIT myApp/controllers/default.py: 0
[2014-02-12 14:44:47] EDIT myApp/views/default/index.html: 0
[2014-02-12 14:46:23] EDIT myApp/models/db.py: 0
[2014-02-12 14:50:27] EDIT myApp/controllers/default.py: 2
[2014-02-12 14:51:11] EDIT myApp/controllers/default.py: 0
[2014-02-12 14:51:39] EDIT myApp/views/default/index.html: 2
[2014-02-12 14:52:21] EDIT myApp/controllers/default.py: 0
[2014-02-12 14:55:17] EDIT myApp/controllers/default.py: 2
[2014-02-12 14:56:45] EDIT myApp/controllers/default.py: 0
[2014-02-12 14:58:24] EDIT myApp/controllers/default.py: 0
[2014-02-12 14:58:32] EDIT myApp/controllers/default.py: 0
[2014-02-12 14:59:00] EDIT myApp/controllers/default.py: 0
[2014-02-12 15:00:24] EDIT myApp/controllers/default.py: 0
[2014-02-12 15:00:44] EDIT myApp/controllers/default.py: 0
[2014-02-12 15:00:47] EDIT myApp/controllers/default.py: 0
[2014-02-12 15:01:24] EDIT myApp/controllers/default.py: -2
[2014-02-12 15:06:13] EDIT myApp/controllers/default.py: 2
[2014-02-12 15:06:52] EDIT myApp/controllers/default.py: 0
[2014-02-12 15:07:21] EDIT myApp/models/db.py: 0
[2014-02-12 15:07:48] EDIT myApp/views/default/index.html: 0
[2014-02-12 15:08:24] EDIT myApp/controllers/default.py: 0
[2014-02-12 15:08:36] EDIT myApp/controllers/default.py: 0
[2014-02-12 15:08:45] EDIT myApp/controllers/default.py: 0
[2014-02-12 15:09:12] EDIT myApp/controllers/default.py: 0
[2014-02-12 15:09:48] EDIT myApp/controllers/default.py: 0
[2014-02-12 15:10:59] EDIT myApp/controllers/default.py: 0
[2014-02-12 15:11:16] EDIT myApp/controllers/default.py: 0
[2014-02-12 15:11:37] EDIT myApp/controllers/default.py: 0
[2014-02-12 15:16:29] EDIT myApp/controllers/default.py: 1
[2014-02-12 15:17:13] EDIT myApp/controllers/default.py: 0
[2014-02-12 15:17:52] EDIT myApp/controllers/default.py: 0
[2014-02-12 15:20:56] EDIT myApp/models/db.py: 0
[2014-02-12 15:25:30] EDIT myApp/controllers/default.py: 2
[2014-02-12 15:25:56] EDIT myApp/controllers/default.py: 0
[2014-02-12 15:26:50] EDIT myApp/controllers/default.py: 0
[2014-02-12 15:28:25] EDIT myApp/controllers/default.py: 2
[2014-02-12 15:28:25] EDIT myApp/controllers/default.py: 0
[2014-02-12 15:41:08] EDIT myApp/models/db.py: 0
[2014-02-12 15:44:31] EDIT myApp/controllers/default.py: -3
[2014-02-12 15:44:51] EDIT myApp/controllers/default.py: 0
[2014-02-12 15:45:13] EDIT myApp/controllers/default.py: 0
[2014-02-12 15:46:01] EDIT myApp/controllers/default.py: 0
[2014-02-12 15:46:55] EDIT myApp/controllers/default.py: 2
[2014-02-12 15:48:10] EDIT myApp/controllers/default.py: 0
[2014-02-12 15:49:04] EDIT myApp/controllers/default.py: -2
[2014-02-12 15:49:38] EDIT myApp/controllers/default.py: 0
[2014-02-12 15:50:37] EDIT myApp/controllers/default.py: 0
[2014-02-12 15:53:15] EDIT myApp/controllers/default.py: 2
[2014-02-12 15:53:35] EDIT myApp/controllers/default.py: 0
[2014-02-12 15:53:58] EDIT myApp/models/db.py: 0
[2014-02-12 15:55:27] EDIT myApp/controllers/default.py: 0
[2014-02-12 15:56:03] EDIT myApp/controllers/default.py: -2
[2014-02-12 15:58:28] EDIT myApp/controllers/default.py: 0
[2014-02-12 15:59:35] EDIT myApp/controllers/default.py: 1
[2014-02-12 15:59:37] EDIT myApp/controllers/default.py: 0
[2014-02-12 16:04:23] EDIT myApp/controllers/default.py: -2
[2014-02-12 16:04:36] EDIT myApp/controllers/default.py: 0
[2014-02-12 16:04:46] EDIT myApp/controllers/default.py: 0
[2014-02-12 16:05:22] EDIT myApp/controllers/default.py: 0
[2014-02-12 16:05:32] EDIT myApp/controllers/default.py: 0
[2014-02-12 16:06:31] EDIT myApp/controllers/default.py: 2
[2014-02-19 09:55:52] EDIT myApp/controllers/default.py: 3
[2014-02-19 09:56:06] EDIT myApp/controllers/default.py: -3
[2014-02-19 09:58:09] EDIT myApp/controllers/default.py: -1
[2014-02-19 09:58:52] EDIT myApp/views/default/index.html: -2
[2014-02-19 10:00:08] EDIT myApp/views/default/index.html: 0
[2014-02-19 10:00:19] EDIT myApp/views/default/index.html: 0
[2014-02-19 10:00:39] EDIT myApp/views/default/index.html: 0
[2014-02-19 10:05:18] EDIT myApp/controllers/default.py: 3
[2014-02-19 10:07:27] EDIT myApp/controllers/default.py: 4
[2014-02-19 10:10:21] EDIT myApp/controllers/default.py: 0
[2014-02-19 10:11:03] CREATE default/tochroom.html: 0
[2014-02-19 10:11:08] DELETE myApp/views/default/tochroom.html: -3
[2014-02-19 10:11:23] CREATE default/touchroom.html: 0
[2014-02-19 10:12:05] EDIT myApp/controllers/default.py: 0
[2014-02-19 10:12:37] EDIT myApp/controllers/default.py: 0
[2014-02-19 10:35:32] EDIT myApp/controllers/default.py: 1
[2014-02-19 10:36:02] EDIT myApp/controllers/default.py: 0
[2014-02-19 10:36:22] EDIT myApp/views/default/index.html: 1
[2014-02-19 10:36:58] EDIT myApp/controllers/default.py: 0
[2014-02-19 10:37:12] EDIT myApp/controllers/default.py: 3
[2014-02-19 10:38:01] EDIT myApp/controllers/default.py: -2
[2014-02-19 10:38:13] EDIT myApp/controllers/default.py: 2
[2014-02-19 10:38:30] EDIT myApp/controllers/default.py: -2
[2014-02-19 10:38:40] EDIT myApp/views/default/index.html: 1
[2014-02-19 10:39:22] EDIT myApp/controllers/default.py: 1
[2014-02-19 10:40:38] EDIT myApp/controllers/default.py: 0
[2014-02-19 10:41:26] EDIT myApp/controllers/default.py: 0
[2014-02-19 10:41:37] EDIT myApp/views/default/index.html: 0
[2014-02-19 10:42:16] EDIT myApp/controllers/default.py: -2
[2014-02-19 10:43:44] EDIT myApp/views/default/index.html: 1
[2014-02-19 10:52:09] EDIT myApp/views/default/touchroom.html: 0
[2014-02-19 10:52:21] EDIT myApp/views/default/touchroom.html: 0
[2014-02-19 10:52:39] EDIT myApp/views/default/touchroom.html: -1
[2014-02-19 10:53:00] EDIT myApp/views/default/touchroom.html: 3
[2014-02-19 10:56:06] EDIT myApp/controllers/default.py: -2
[2014-02-19 10:56:32] EDIT myApp/controllers/default.py: 3
[2014-02-19 10:56:47] EDIT myApp/controllers/default.py: 2
[2014-02-19 10:57:10] EDIT myApp/controllers/default.py: -5
[2014-02-19 13:44:09] EDIT myApp/controllers/default.py: 3
[2014-02-19 13:44:15] EDIT myApp/controllers/default.py: 0
[2014-02-19 13:45:59] EDIT myApp/controllers/default.py: 0
[2014-02-19 13:47:03] EDIT myApp/controllers/default.py: 0
[2014-02-19 13:47:42] EDIT myApp/controllers/default.py: 1
[2014-02-19 13:52:10] EDIT myApp/controllers/default.py: -1
[2014-02-19 13:59:44] EDIT myApp/controllers/default.py: 1
[2014-02-19 14:00:02] EDIT myApp/controllers/default.py: 1
[2014-02-19 14:02:52] EDIT myApp/views/default/touchroom.html: 1
[2014-02-19 14:06:51] EDIT myApp/views/default/touchroom.html: 0
[2014-02-19 14:06:55] EDIT myApp/views/default/touchroom.html: 0
[2014-02-19 14:18:11] EDIT myApp/views/default/touchroom.html: -1
[2014-02-19 14:18:21] EDIT myApp/controllers/default.py: -4
[2014-02-19 14:19:24] EDIT myApp/controllers/default.py: 2
[2014-02-19 14:19:42] EDIT myApp/views/default/touchroom.html: 1
[2014-02-19 14:22:11] EDIT myApp/controllers/default.py: 1
[2014-02-19 14:22:17] EDIT myApp/views/default/touchroom.html: -1
[2014-02-19 14:23:26] EDIT myApp/controllers/default.py: -3
[2014-02-19 14:25:56] EDIT myApp/views/default/touchroom.html: 1
[2014-02-19 14:26:34] EDIT myApp/views/default/touchroom.html: 0
[2014-02-19 14:26:42] EDIT myApp/views/default/touchroom.html: 0
[2014-02-19 14:27:22] EDIT myApp/views/default/touchroom.html: 6
[2014-02-19 14:46:01] EDIT myApp/controllers/default.py: 1
[2014-02-19 14:47:18] EDIT myApp/views/default/touchroom.html: -6
[2014-02-19 14:47:55] EDIT myApp/controllers/default.py: 0
[2014-02-19 14:53:02] EDIT myApp/controllers/default.py: 11
[2014-02-19 14:57:03] EDIT myApp/controllers/default.py: 32
[2014-02-19 14:58:39] EDIT myApp/controllers/default.py: 2
[2014-02-19 14:59:11] EDIT myApp/controllers/default.py: 0
[2014-02-19 14:59:16] EDIT myApp/controllers/default.py: 0
[2014-02-19 14:59:36] EDIT myApp/controllers/default.py: -1
[2014-02-19 15:01:43] CREATE monitor_plot.html: 0
[2014-02-19 15:02:01] EDIT myApp/views/monitor_plot.html: 62
[2014-02-19 15:03:07] CREATE default/monitorplot.html: 0
[2014-02-19 15:03:14] DELETE myApp/views/monitor_plot.html: -65
[2014-02-19 15:03:25] EDIT myApp/views/default/monitorplot.html: 62
[2014-02-19 15:04:55] EDIT myApp/controllers/default.py: 2
[2014-02-19 15:05:03] EDIT myApp/controllers/default.py: 0
[2014-02-19 15:05:08] EDIT myApp/controllers/default.py: 0
[2014-02-19 15:05:12] EDIT myApp/controllers/default.py: 0
[2014-02-19 15:05:18] EDIT myApp/controllers/default.py: 0
[2014-02-19 15:05:42] EDIT myApp/controllers/default.py: 0
[2014-02-19 15:05:48] EDIT myApp/controllers/default.py: -1
[2014-02-19 15:05:52] EDIT myApp/controllers/default.py: 1
[2014-02-19 15:06:02] EDIT myApp/controllers/default.py: 0
[2014-02-19 15:08:14] EDIT myApp/controllers/default.py: 0
[2014-02-19 15:08:20] EDIT myApp/controllers/default.py: 0
[2014-02-19 15:08:23] EDIT myApp/controllers/default.py: 0
[2014-02-19 15:08:25] EDIT myApp/controllers/default.py: 0
[2014-02-19 15:08:39] EDIT myApp/controllers/default.py: -2
[2014-02-19 15:09:08] EDIT myApp/controllers/default.py: 0
[2014-02-19 15:13:16] EDIT myApp/controllers/default.py: -25
[2014-02-19 15:13:51] EDIT myApp/controllers/default.py: 0
[2014-02-19 15:14:54] EDIT myApp/controllers/default.py: 0
[2014-02-19 15:15:16] EDIT myApp/controllers/default.py: 0
[2014-02-19 15:16:28] EDIT myApp/controllers/default.py: 0
[2014-02-19 15:16:46] EDIT myApp/controllers/default.py: 0
[2014-02-19 15:17:58] EDIT myApp/controllers/default.py: 0
[2014-02-19 15:18:27] EDIT myApp/controllers/default.py: 0
[2014-02-19 15:21:50] EDIT myApp/controllers/default.py: -21
[2014-02-19 15:28:26] EDIT myApp/controllers/default.py: 4
[2014-02-19 15:29:22] EDIT myApp/controllers/default.py: 0
[2014-02-19 15:29:49] EDIT myApp/views/default/touchroom.html: 2
[2014-02-19 15:45:49] EDIT myApp/views/default/touchroom.html: 9
[2014-02-19 15:47:02] EDIT myApp/views/default/touchroom.html: 0
[2014-02-19 15:48:44] EDIT myApp/views/default/touchroom.html: 0
[2014-02-19 15:51:29] EDIT myApp/views/default/touchroom.html: -5
[2014-02-19 15:51:50] EDIT myApp/views/default/touchroom.html: 2
[2014-02-19 15:52:01] EDIT myApp/views/default/touchroom.html: 2
[2014-02-19 15:52:11] EDIT myApp/views/default/touchroom.html: 1
[2014-02-19 15:52:42] EDIT myApp/views/default/touchroom.html: 0
[2014-02-19 15:55:27] EDIT myApp/views/default/touchroom.html: 0
[2014-02-19 15:55:30] EDIT myApp/views/default/touchroom.html: -1
[2014-02-19 15:59:43] EDIT myApp/views/default/touchroom.html: 1
[2014-02-19 16:02:13] EDIT myApp/views/default/touchroom.html: 1
[2014-02-19 16:29:54] EDIT myApp/views/default/touchroom.html: 0
[2014-02-26 12:49:07] EDIT myApp/views/default/touchroom.html: -10
[2014-02-26 12:50:37] EDIT myApp/views/default/touchroom.html: -2
[2014-02-26 12:52:18] DELETE myApp/views/default/monitorplot.html: -65
[2014-02-26 12:52:41] EDIT myApp/views/default/touchroom.html: 0
[2014-02-26 12:57:57] EDIT myApp/views/default/touchroom.html: 2
[2014-02-26 12:58:25] EDIT myApp/views/default/touchroom.html: -1
[2014-02-26 12:58:57] EDIT myApp/views/default/touchroom.html: -1
[2014-02-26 12:59:12] EDIT myApp/views/default/touchroom.html: 1
[2014-02-26 12:59:56] EDIT myApp/views/default/touchroom.html: 6
[2014-02-26 13:00:24] EDIT myApp/views/default/touchroom.html: 1
[2014-02-26 13:03:00] EDIT myApp/views/default/touchroom.html: 3
[2014-02-26 13:05:14] EDIT myApp/views/default/touchroom.html: 2
[2014-02-26 13:05:27] EDIT myApp/views/default/touchroom.html: 0
[2014-02-26 13:06:01] EDIT myApp/views/default/touchroom.html: 4
[2014-02-26 13:07:13] EDIT myApp/views/default/touchroom.html: 0
[2014-02-26 13:08:18] EDIT myApp/views/default/touchroom.html: 0
[2014-02-26 13:10:12] EDIT myApp/views/default/touchroom.html: 11
[2014-02-26 13:10:49] EDIT myApp/views/default/touchroom.html: -29
[2014-02-26 13:17:31] EDIT myApp/views/default/touchroom.html: 0
