timestamp: 2014-02-05T10:09:33.353195
CREATE TABLE auth_user(
    id INTEGER PRIMARY KEY AUTOINCREMENT,
    first_name CHAR(128),
    last_name CHAR(128),
    email CHAR(512),
    password CHAR(512),
    registration_key CHAR(512),
    reset_password_key CHAR(512),
    registration_id CHAR(512)
);
success!
timestamp: 2014-02-05T10:09:33.356785
CREATE TABLE auth_group(
    id INTEGER PRIMARY KEY AUTOINCREMENT,
    role CHAR(512),
    description TEXT
);
success!
timestamp: 2014-02-05T10:09:33.358943
CREATE TABLE auth_membership(
    id INTEGER PRIMARY KEY AUTOINCREMENT,
    user_id INTEGER REFERENCES auth_user (id) ON DELETE CASCADE,
    group_id INTEGER REFERENCES auth_group (id) ON DELETE CASCADE
);
success!
timestamp: 2014-02-05T10:09:33.360911
CREATE TABLE auth_permission(
    id INTEGER PRIMARY KEY AUTOINCREMENT,
    group_id INTEGER REFERENCES auth_group (id) ON DELETE CASCADE,
    name CHAR(512),
    table_name CHAR(512),
    record_id INTEGER
);
success!
timestamp: 2014-02-05T10:09:33.363716
CREATE TABLE auth_event(
    id INTEGER PRIMARY KEY AUTOINCREMENT,
    time_stamp TIMESTAMP,
    client_ip CHAR(512),
    user_id INTEGER REFERENCES auth_user (id) ON DELETE CASCADE,
    origin CHAR(512),
    description TEXT
);
success!
timestamp: 2014-02-05T10:09:33.365948
CREATE TABLE auth_cas(
    id INTEGER PRIMARY KEY AUTOINCREMENT,
    user_id INTEGER REFERENCES auth_user (id) ON DELETE CASCADE,
    created_on TIMESTAMP,
    service CHAR(512),
    ticket CHAR(512),
    renew CHAR(1)
);
success!
timestamp: 2014-02-12T13:31:19.298239
CREATE TABLE temperatures(
    id INTEGER PRIMARY KEY AUTOINCREMENT,
    Name CHAR(512),
    Celcius DOUBLE
);
success!
timestamp: 2014-02-12T13:39:19.054518
ALTER TABLE temperatures ADD celsius DOUBLE;
success!
success!
success!
success!
success!
success!
success!
success!
success!
success!
success!
success!
success!
success!
success!
success!
success!
success!
success!
success!
success!
success!
success!
success!
success!
success!
success!
success!
success!
success!
timestamp: 2014-02-12T14:11:41.850499
CREATE TABLE temperature(
    id INTEGER PRIMARY KEY AUTOINCREMENT,
    Name CHAR(512),
    Celsius DOUBLE,
    DateTime TIMESTAMP,
    Room INTEGER REFERENCES ROOM (id) ON DELETE CASCADE
);
success!
timestamp: 2014-02-12T14:11:41.854983
CREATE TABLE room(
    id INTEGER PRIMARY KEY AUTOINCREMENT,
    Name CHAR(512)
);
success!
timestamp: 2014-02-12T14:22:16.827596
ALTER TABLE room ADD temperatures INTEGER REFERENCES TEMPERATURE (id) ON DELETE CASCADE;
success!
success!
success!
success!
success!
success!
success!
success!
success!
success!
success!
success!
success!
success!
success!
success!
success!
success!
success!
success!
success!
success!
timestamp: 2014-02-12T14:38:46.293391
CREATE TABLE house(
    id INTEGER PRIMARY KEY AUTOINCREMENT,
    Name CHAR(512),
    Rooms INTEGER REFERENCES ROOM (id) ON DELETE CASCADE
);
success!
timestamp: 2014-02-12T14:38:46.299609
ALTER TABLE room ADD image CHAR(512);
success!
success!
success!
timestamp: 2014-02-12T14:42:02.435651
ALTER TABLE room ADD house INTEGER REFERENCES HOUSE (id) ON DELETE CASCADE;
success!
timestamp: 2014-02-12T14:42:02.442499
CREATE TABLE sensor(
    id INTEGER PRIMARY KEY AUTOINCREMENT,
    Name CHAR(512),
    SensorType CHAR(512),
    SensorReading DOUBLE,
    DateTime TIMESTAMP,
    Room INTEGER REFERENCES ROOM (id) ON DELETE CASCADE,
    House INTEGER REFERENCES HOUSE (id) ON DELETE CASCADE
);
success!
success!
success!
success!
success!
success!
success!
success!
success!
success!
success!
success!
success!
success!
success!
success!
success!
success!
success!
success!
success!
timestamp: 2014-02-12T15:11:32.854138
ALTER TABLE sensor ADD date_time TIMESTAMP;
timestamp: 2014-02-12T15:11:32.857534
ALTER TABLE sensor ADD sensor_type CHAR(512);
timestamp: 2014-02-12T15:11:32.859103
ALTER TABLE sensor ADD sensor_reading DOUBLE;
success!
success!
success!
success!
success!
success!
success!
success!
success!
success!
success!
success!
success!
success!
success!
success!
success!
success!
success!
success!
success!
success!
success!
success!
success!
success!
success!
success!
success!
success!
success!
success!
success!
success!
success!
success!
success!
success!
success!
success!
success!
success!
success!
success!
success!
success!
success!
success!
success!
success!
success!
success!
success!
success!
success!
DELETE FROM room;
DELETE FROM sqlite_sequence WHERE name='room';
success!
DELETE FROM house;
DELETE FROM sqlite_sequence WHERE name='house';
success!
success!
success!
success!
DELETE FROM room;
DELETE FROM sqlite_sequence WHERE name='room';
success!
DELETE FROM house;
DELETE FROM sqlite_sequence WHERE name='house';
success!
success!
success!
success!
DELETE FROM room;
DELETE FROM sqlite_sequence WHERE name='room';
success!
DELETE FROM house;
DELETE FROM sqlite_sequence WHERE name='house';
success!
success!
success!
success!
DELETE FROM room;
DELETE FROM sqlite_sequence WHERE name='room';
success!
DELETE FROM house;
DELETE FROM sqlite_sequence WHERE name='house';
success!
success!
success!
success!
DELETE FROM room;
DELETE FROM sqlite_sequence WHERE name='room';
success!
DELETE FROM house;
DELETE FROM sqlite_sequence WHERE name='house';
success!
success!
success!
success!
DELETE FROM room;
DELETE FROM sqlite_sequence WHERE name='room';
success!
DELETE FROM house;
DELETE FROM sqlite_sequence WHERE name='house';
success!
success!
success!
success!
success!
success!
success!
success!
success!
success!
success!
success!
success!
success!
success!
success!
success!
success!
success!
success!
success!
success!
success!
success!
success!
DELETE FROM room;
DELETE FROM sqlite_sequence WHERE name='room';
success!
DELETE FROM house;
DELETE FROM sqlite_sequence WHERE name='house';
success!
success!
success!
success!
DELETE FROM room;
DELETE FROM sqlite_sequence WHERE name='room';
success!
DELETE FROM house;
DELETE FROM sqlite_sequence WHERE name='house';
success!
success!
success!
success!
DELETE FROM room;
DELETE FROM sqlite_sequence WHERE name='room';
success!
DELETE FROM house;
DELETE FROM sqlite_sequence WHERE name='house';
success!
success!
success!
success!
DELETE FROM room;
DELETE FROM sqlite_sequence WHERE name='room';
success!
DELETE FROM house;
DELETE FROM sqlite_sequence WHERE name='house';
success!
success!
success!
success!
DELETE FROM room;
DELETE FROM sqlite_sequence WHERE name='room';
success!
DELETE FROM house;
DELETE FROM sqlite_sequence WHERE name='house';
success!
success!
success!
success!
success!
success!
success!
success!
success!
success!
success!
success!
success!
success!
success!
success!
success!
success!
success!
success!
success!
success!
success!
success!
success!
success!
success!
success!
success!
success!
success!
success!
success!
success!
success!
success!
success!
success!
success!
success!
success!
success!
success!
DELETE FROM house;
DELETE FROM sqlite_sequence WHERE name='house';
success!
DELETE FROM room;
DELETE FROM sqlite_sequence WHERE name='room';
success!
DELETE FROM sensor;
DELETE FROM sqlite_sequence WHERE name='sensor';
success!
success!
success!
success!
success!
success!
success!
success!
success!
success!
success!
success!
success!
success!
success!
success!
success!
success!
success!
success!
success!
success!
success!
success!
success!
success!
success!
success!
success!
success!
success!
success!
success!
success!
success!
success!
success!
success!
success!
success!
success!
success!
success!
success!
success!
success!
success!
success!
success!
success!
success!
success!
success!
success!
success!
success!
success!
success!
success!
success!
success!
success!
success!
success!
success!
success!
success!
success!
success!
success!
success!
success!
success!
success!
success!
success!
success!
success!
success!
success!
success!
success!
success!
success!
success!
success!
success!
success!
success!
success!
success!
success!
success!
success!
success!
success!
success!
success!
success!
success!
success!
success!
success!
success!
success!
success!
success!
success!
success!
success!
success!
success!
success!
success!
success!
success!
success!
success!
success!
success!
success!
success!
success!
success!
DELETE FROM house;
DELETE FROM sqlite_sequence WHERE name='house';
success!
DELETE FROM room;
DELETE FROM sqlite_sequence WHERE name='room';
success!
DELETE FROM sensor;
DELETE FROM sqlite_sequence WHERE name='sensor';
success!
success!
success!
success!
success!
success!
success!
DELETE FROM house;
DELETE FROM sqlite_sequence WHERE name='house';
success!
DELETE FROM room;
DELETE FROM sqlite_sequence WHERE name='room';
success!
DELETE FROM sensor;
DELETE FROM sqlite_sequence WHERE name='sensor';
success!
success!
success!
success!
DELETE FROM sensor;
DELETE FROM sqlite_sequence WHERE name='sensor';
success!
success!
success!
success!
DELETE FROM sensor;
DELETE FROM sqlite_sequence WHERE name='sensor';
success!
success!
success!
success!
DELETE FROM house;
DELETE FROM sqlite_sequence WHERE name='house';
success!
DELETE FROM room;
DELETE FROM sqlite_sequence WHERE name='room';
success!
success!
success!
success!
DELETE FROM house;
DELETE FROM sqlite_sequence WHERE name='house';
success!
DELETE FROM room;
DELETE FROM sqlite_sequence WHERE name='room';
success!
success!
success!
success!
DELETE FROM house;
DELETE FROM sqlite_sequence WHERE name='house';
success!
DELETE FROM room;
DELETE FROM sqlite_sequence WHERE name='room';
success!
success!
success!
success!
DELETE FROM house;
DELETE FROM sqlite_sequence WHERE name='house';
success!
DELETE FROM room;
DELETE FROM sqlite_sequence WHERE name='room';
success!
success!
success!
success!
DELETE FROM house;
DELETE FROM sqlite_sequence WHERE name='house';
success!
DELETE FROM room;
DELETE FROM sqlite_sequence WHERE name='room';
success!
success!
success!
success!
DELETE FROM house;
DELETE FROM sqlite_sequence WHERE name='house';
success!
DELETE FROM room;
DELETE FROM sqlite_sequence WHERE name='room';
success!
success!
success!
success!
DELETE FROM house;
DELETE FROM sqlite_sequence WHERE name='house';
success!
DELETE FROM room;
DELETE FROM sqlite_sequence WHERE name='room';
success!
success!
success!
success!
DELETE FROM house;
DELETE FROM sqlite_sequence WHERE name='house';
success!
DELETE FROM room;
DELETE FROM sqlite_sequence WHERE name='room';
success!
success!
success!
success!
DELETE FROM house;
DELETE FROM sqlite_sequence WHERE name='house';
success!
DELETE FROM room;
DELETE FROM sqlite_sequence WHERE name='room';
success!
success!
success!
success!
success!
success!
success!
success!
success!
success!
success!
success!
success!
success!
success!
success!
success!
success!
success!
success!
success!
success!
success!
success!
success!
success!
success!
success!
success!
success!
success!
success!
success!
success!
success!
success!
success!
success!
success!
success!
success!
success!
success!
success!
success!
success!
DELETE FROM house;
DELETE FROM sqlite_sequence WHERE name='house';
success!
DELETE FROM room;
DELETE FROM sqlite_sequence WHERE name='room';
success!
DELETE FROM sensor;
DELETE FROM sqlite_sequence WHERE name='sensor';
success!
success!
success!
success!
DELETE FROM house;
DELETE FROM sqlite_sequence WHERE name='house';
success!
DELETE FROM room;
DELETE FROM sqlite_sequence WHERE name='room';
success!
DELETE FROM sensor;
DELETE FROM sqlite_sequence WHERE name='sensor';
success!
success!
success!
success!
success!
success!
success!
success!
success!
success!
success!
success!
success!
success!
success!
success!
success!
success!
success!
success!
success!
success!
success!
success!
success!
success!
success!
success!
success!
success!
success!
success!
success!
success!
success!
success!
success!
success!
success!
success!
success!
success!
success!
success!
success!
success!
success!
success!
success!
success!
success!
success!
success!
success!
success!
success!
success!
success!
success!
success!
success!
success!
success!
success!
success!
success!
success!
success!
success!
success!
success!
success!
success!
success!
success!
success!
success!
success!
success!
success!
success!
success!
success!
success!
success!
success!
success!
success!
success!
success!
success!
success!
success!
success!
success!
success!
success!
success!
success!
success!
success!
success!
success!
success!
success!
success!
success!
success!
success!
success!
success!
success!
success!
success!
success!
success!
success!
success!
success!
success!
success!
success!
success!
success!
success!
success!
success!
success!
success!
success!
success!
success!
success!
success!
success!
success!
success!
success!
success!
success!
success!
success!
success!
success!
success!
success!
success!
success!
success!
success!
success!
success!
success!
success!
success!
success!
success!
success!
success!
success!
success!
success!
success!
success!
success!
success!
success!
success!
success!
success!
success!
success!
success!
success!
success!
success!
success!
success!
success!
success!
success!
success!
success!
success!
success!
success!
success!
success!
success!
success!
success!
success!
success!
success!
success!
success!
success!
success!
success!
success!
success!
success!
success!
success!
success!
success!
success!
success!
success!
success!
success!
success!
success!
success!
success!
success!
success!
success!
success!
success!
success!
success!
success!
success!
success!
success!
success!
success!
success!
success!
success!
success!
success!
success!
success!
success!
success!
success!
success!
success!
success!
success!
success!
success!
success!
success!
success!
success!
success!
success!
success!
success!
success!
success!
success!
success!
success!
success!
success!
success!
success!
success!
